Run 'baseline_cnn' starting — loading data...
Training log file: /Users/zach.walton/Dev/shule/cs6320/assignment_5/outputs/cnn_runs/baseline_cnn.log
Loaded 8969 chunks with cached waveforms from /Users/zach.walton/Dev/shule/cs6320/beatport/datasets/clip_15s/waveforms/key
=== Device detection ===
  CUDA available: False
  MPS (Apple Metal GPU) available: True
  Selected device: mps
Device=mps  batch_size=16  train=6285 (393 batches/epoch)  val=1350 (85 batches)  test=1334  classes=24  batch_log_interval=20  eval_log_interval=0
Training for up to 30 epochs (patience=8)
Epoch 1/30 — training (393 batches)
  [train] epoch 1/30  batch 1/393 (0%)  loss=3.2011  elapsed=3.7s
  [train] epoch 1/30  batch 20/393 (5%)  loss=3.2568  elapsed=22.8s
  [train] epoch 1/30  batch 40/393 (10%)  loss=3.2697  elapsed=42.8s
  [train] epoch 1/30  batch 60/393 (15%)  loss=3.0802  elapsed=63.4s
  [train] epoch 1/30  batch 80/393 (20%)  loss=3.1893  elapsed=84.4s
  [train] epoch 1/30  batch 100/393 (25%)  loss=3.1775  elapsed=105.5s
  [train] epoch 1/30  batch 120/393 (31%)  loss=3.0702  elapsed=126.5s
  [train] epoch 1/30  batch 140/393 (36%)  loss=3.0810  elapsed=147.1s
  [train] epoch 1/30  batch 160/393 (41%)  loss=3.2238  elapsed=167.5s
  [train] epoch 1/30  batch 180/393 (46%)  loss=3.1864  elapsed=187.8s
  [train] epoch 1/30  batch 200/393 (51%)  loss=3.2818  elapsed=208.0s
  [train] epoch 1/30  batch 220/393 (56%)  loss=3.2430  elapsed=228.2s
  [train] epoch 1/30  batch 240/393 (61%)  loss=3.2786  elapsed=248.3s
  [train] epoch 1/30  batch 260/393 (66%)  loss=3.2274  elapsed=268.4s
  [train] epoch 1/30  batch 280/393 (71%)  loss=2.9606  elapsed=288.6s
  [train] epoch 1/30  batch 300/393 (76%)  loss=3.1523  elapsed=308.7s
  [train] epoch 1/30  batch 320/393 (81%)  loss=3.1834  elapsed=328.8s
  [train] epoch 1/30  batch 340/393 (87%)  loss=3.0913  elapsed=348.9s
  [train] epoch 1/30  batch 360/393 (92%)  loss=3.2005  elapsed=369.0s
  [train] epoch 1/30  batch 380/393 (97%)  loss=3.2009  elapsed=389.1s
  [train] epoch 1/30  batch 393/393 (100%)  loss=3.2792  elapsed=402.8s
Epoch 1/30 — train done  mean_loss=3.1941  elapsed=412.8s
Epoch 1/30 — train  loss=3.1657  acc=0.057  macro_f1=0.023  elapsed=101.7s
Epoch 1/30 — evaluating val (85 batches)
Epoch 1/30 — val  loss=3.1858  acc=0.037  macro_f1=0.013  elapsed=32.1s
=== Epoch 1/30 summary ===  train_loss=3.1657  val_loss=3.1858  train_acc=0.057  val_acc=0.037  val_f1=0.013  best_val=yes  no_improve=0/8
Epoch 2/30 — training (393 batches)
  [train] epoch 2/30  batch 1/393 (0%)  loss=3.1715  elapsed=4.0s
  [train] epoch 2/30  batch 20/393 (5%)  loss=3.2082  elapsed=23.1s
  [train] epoch 2/30  batch 40/393 (10%)  loss=3.2710  elapsed=43.3s
  [train] epoch 2/30  batch 60/393 (15%)  loss=3.1821  elapsed=63.4s
  [train] epoch 2/30  batch 80/393 (20%)  loss=3.1344  elapsed=83.6s
  [train] epoch 2/30  batch 100/393 (25%)  loss=3.2490  elapsed=103.9s
  [train] epoch 2/30  batch 120/393 (31%)  loss=3.2101  elapsed=124.1s
  [train] epoch 2/30  batch 140/393 (36%)  loss=3.1339  elapsed=144.2s
  [train] epoch 2/30  batch 160/393 (41%)  loss=3.1502  elapsed=164.3s
  [train] epoch 2/30  batch 180/393 (46%)  loss=3.0526  elapsed=184.5s
  [train] epoch 2/30  batch 200/393 (51%)  loss=3.0842  elapsed=204.7s
  [train] epoch 2/30  batch 220/393 (56%)  loss=3.0907  elapsed=224.9s
  [train] epoch 2/30  batch 240/393 (61%)  loss=3.2679  elapsed=245.1s
  [train] epoch 2/30  batch 260/393 (66%)  loss=3.1122  elapsed=265.3s
  [train] epoch 2/30  batch 280/393 (71%)  loss=3.2378  elapsed=285.9s
  [train] epoch 2/30  batch 300/393 (76%)  loss=3.1922  elapsed=306.0s
  [train] epoch 2/30  batch 320/393 (81%)  loss=3.2391  elapsed=326.2s
  [train] epoch 2/30  batch 340/393 (87%)  loss=3.4264  elapsed=346.4s
  [train] epoch 2/30  batch 360/393 (92%)  loss=3.2673  elapsed=366.5s
  [train] epoch 2/30  batch 380/393 (97%)  loss=3.1948  elapsed=386.8s
  [train] epoch 2/30  batch 393/393 (100%)  loss=3.1462  elapsed=400.1s
Epoch 2/30 — train done  mean_loss=3.1649  elapsed=410.1s
Epoch 2/30 — train  loss=3.1355  acc=0.055  macro_f1=0.026  elapsed=102.1s
Epoch 2/30 — evaluating val (85 batches)
Epoch 2/30 — val  loss=3.1831  acc=0.062  macro_f1=0.030  elapsed=32.1s
=== Epoch 2/30 summary ===  train_loss=3.1355  val_loss=3.1831  train_acc=0.055  val_acc=0.062  val_f1=0.030  best_val=yes  no_improve=0/8
Epoch 3/30 — training (393 batches)
  [train] epoch 3/30  batch 1/393 (0%)  loss=3.1372  elapsed=4.0s
  [train] epoch 3/30  batch 20/393 (5%)  loss=3.2140  elapsed=23.3s
  [train] epoch 3/30  batch 40/393 (10%)  loss=3.1611  elapsed=43.6s
  [train] epoch 3/30  batch 60/393 (15%)  loss=3.3147  elapsed=64.0s
  [train] epoch 3/30  batch 80/393 (20%)  loss=3.2182  elapsed=84.4s
  [train] epoch 3/30  batch 100/393 (25%)  loss=3.0441  elapsed=104.6s
  [train] epoch 3/30  batch 120/393 (31%)  loss=3.1117  elapsed=124.9s
  [train] epoch 3/30  batch 140/393 (36%)  loss=3.4353  elapsed=145.1s
  [train] epoch 3/30  batch 160/393 (41%)  loss=3.0576  elapsed=165.4s
  [train] epoch 3/30  batch 180/393 (46%)  loss=3.1462  elapsed=185.7s
  [train] epoch 3/30  batch 200/393 (51%)  loss=3.1838  elapsed=205.9s
  [train] epoch 3/30  batch 220/393 (56%)  loss=3.1346  elapsed=226.2s
  [train] epoch 3/30  batch 240/393 (61%)  loss=3.0771  elapsed=246.5s
  [train] epoch 3/30  batch 260/393 (66%)  loss=3.2858  elapsed=266.7s
  [train] epoch 3/30  batch 280/393 (71%)  loss=3.0640  elapsed=287.0s
  [train] epoch 3/30  batch 300/393 (76%)  loss=3.1160  elapsed=307.3s
  [train] epoch 3/30  batch 320/393 (81%)  loss=3.2746  elapsed=327.5s
  [train] epoch 3/30  batch 340/393 (87%)  loss=3.0814  elapsed=347.8s
  [train] epoch 3/30  batch 360/393 (92%)  loss=2.9872  elapsed=368.1s
  [train] epoch 3/30  batch 380/393 (97%)  loss=3.1604  elapsed=388.3s
  [train] epoch 3/30  batch 393/393 (100%)  loss=3.2339  elapsed=401.4s
Epoch 3/30 — train done  mean_loss=3.1475  elapsed=411.4s
Epoch 3/30 — train  loss=3.1303  acc=0.057  macro_f1=0.039  elapsed=101.9s
Epoch 3/30 — evaluating val (85 batches)
Epoch 3/30 — val  loss=3.2090  acc=0.064  macro_f1=0.056  elapsed=32.1s
=== Epoch 3/30 summary ===  train_loss=3.1303  val_loss=3.2090  train_acc=0.057  val_acc=0.064  val_f1=0.056  best_val=no  no_improve=1/8
Epoch 4/30 — training (393 batches)
  [train] epoch 4/30  batch 1/393 (0%)  loss=3.1660  elapsed=4.0s
  [train] epoch 4/30  batch 20/393 (5%)  loss=3.1140  elapsed=23.2s
  [train] epoch 4/30  batch 40/393 (10%)  loss=3.0299  elapsed=43.9s
  [train] epoch 4/30  batch 60/393 (15%)  loss=3.0887  elapsed=64.5s
  [train] epoch 4/30  batch 80/393 (20%)  loss=3.0126  elapsed=85.0s
  [train] epoch 4/30  batch 100/393 (25%)  loss=3.1297  elapsed=105.3s
  [train] epoch 4/30  batch 120/393 (31%)  loss=3.2272  elapsed=125.5s
  [train] epoch 4/30  batch 140/393 (36%)  loss=2.9643  elapsed=145.8s
  [train] epoch 4/30  batch 160/393 (41%)  loss=3.0908  elapsed=165.9s
  [train] epoch 4/30  batch 180/393 (46%)  loss=3.1186  elapsed=186.1s
  [train] epoch 4/30  batch 200/393 (51%)  loss=2.9772  elapsed=206.2s
  [train] epoch 4/30  batch 220/393 (56%)  loss=3.2043  elapsed=226.4s
  [train] epoch 4/30  batch 240/393 (61%)  loss=3.1089  elapsed=246.5s
  [train] epoch 4/30  batch 260/393 (66%)  loss=3.0155  elapsed=266.7s
  [train] epoch 4/30  batch 280/393 (71%)  loss=3.3326  elapsed=286.8s
  [train] epoch 4/30  batch 300/393 (76%)  loss=3.1968  elapsed=306.9s
  [train] epoch 4/30  batch 320/393 (81%)  loss=3.2789  elapsed=327.1s
  [train] epoch 4/30  batch 340/393 (87%)  loss=3.1254  elapsed=347.2s
  [train] epoch 4/30  batch 360/393 (92%)  loss=3.0881  elapsed=367.3s
  [train] epoch 4/30  batch 380/393 (97%)  loss=2.8657  elapsed=387.5s
  [train] epoch 4/30  batch 393/393 (100%)  loss=3.1971  elapsed=400.4s
Epoch 4/30 — train done  mean_loss=3.1326  elapsed=410.4s
Epoch 4/30 — train  loss=3.0946  acc=0.061  macro_f1=0.039  elapsed=102.2s
Epoch 4/30 — evaluating val (85 batches)
Epoch 4/30 — val  loss=3.1923  acc=0.056  macro_f1=0.041  elapsed=32.1s
=== Epoch 4/30 summary ===  train_loss=3.0946  val_loss=3.1923  train_acc=0.061  val_acc=0.056  val_f1=0.041  best_val=no  no_improve=2/8
Epoch 5/30 — training (393 batches)
  [train] epoch 5/30  batch 1/393 (0%)  loss=3.1516  elapsed=4.0s
  [train] epoch 5/30  batch 20/393 (5%)  loss=3.1067  elapsed=23.1s
  [train] epoch 5/30  batch 40/393 (10%)  loss=3.0053  elapsed=43.4s
  [train] epoch 5/30  batch 60/393 (15%)  loss=3.2229  elapsed=64.0s
  [train] epoch 5/30  batch 80/393 (20%)  loss=3.1173  elapsed=84.5s
  [train] epoch 5/30  batch 100/393 (25%)  loss=3.0265  elapsed=104.7s
  [train] epoch 5/30  batch 120/393 (31%)  loss=3.1760  elapsed=124.9s
  [train] epoch 5/30  batch 140/393 (36%)  loss=3.1606  elapsed=145.0s
  [train] epoch 5/30  batch 160/393 (41%)  loss=3.2463  elapsed=165.2s
  [train] epoch 5/30  batch 180/393 (46%)  loss=3.1647  elapsed=185.3s
  [train] epoch 5/30  batch 200/393 (51%)  loss=3.1021  elapsed=205.5s
  [train] epoch 5/30  batch 220/393 (56%)  loss=3.0625  elapsed=225.6s
  [train] epoch 5/30  batch 240/393 (61%)  loss=3.2088  elapsed=245.8s
  [train] epoch 5/30  batch 260/393 (66%)  loss=2.9983  elapsed=266.0s
  [train] epoch 5/30  batch 280/393 (71%)  loss=3.0123  elapsed=286.1s
  [train] epoch 5/30  batch 300/393 (76%)  loss=3.0807  elapsed=306.3s
  [train] epoch 5/30  batch 320/393 (81%)  loss=3.0265  elapsed=326.4s
  [train] epoch 5/30  batch 340/393 (87%)  loss=3.1886  elapsed=346.6s
  [train] epoch 5/30  batch 360/393 (92%)  loss=3.3638  elapsed=366.7s
  [train] epoch 5/30  batch 380/393 (97%)  loss=3.1542  elapsed=386.9s
  [train] epoch 5/30  batch 393/393 (100%)  loss=3.0219  elapsed=399.8s
Epoch 5/30 — train done  mean_loss=3.1123  elapsed=409.8s
Epoch 5/30 — train  loss=3.0819  acc=0.071  macro_f1=0.050  elapsed=102.1s
Epoch 5/30 — evaluating val (85 batches)
Epoch 5/30 — val  loss=3.2026  acc=0.073  macro_f1=0.047  elapsed=32.1s
=== Epoch 5/30 summary ===  train_loss=3.0819  val_loss=3.2026  train_acc=0.071  val_acc=0.073  val_f1=0.047  best_val=no  no_improve=3/8
Epoch 6/30 — training (393 batches)
  [train] epoch 6/30  batch 1/393 (0%)  loss=3.2323  elapsed=4.0s
  [train] epoch 6/30  batch 20/393 (5%)  loss=2.9037  elapsed=23.2s
  [train] epoch 6/30  batch 40/393 (10%)  loss=3.3173  elapsed=43.5s
  [train] epoch 6/30  batch 60/393 (15%)  loss=2.9804  elapsed=64.1s
  [train] epoch 6/30  batch 80/393 (20%)  loss=3.1394  elapsed=84.6s
  [train] epoch 6/30  batch 100/393 (25%)  loss=3.0680  elapsed=105.0s
  [train] epoch 6/30  batch 120/393 (31%)  loss=3.0308  elapsed=125.1s
  [train] epoch 6/30  batch 140/393 (36%)  loss=3.0079  elapsed=145.3s
  [train] epoch 6/30  batch 160/393 (41%)  loss=3.4574  elapsed=165.5s
  [train] epoch 6/30  batch 180/393 (46%)  loss=3.1406  elapsed=185.6s
  [train] epoch 6/30  batch 200/393 (51%)  loss=2.9952  elapsed=205.8s
  [train] epoch 6/30  batch 220/393 (56%)  loss=3.0255  elapsed=225.9s
  [train] epoch 6/30  batch 240/393 (61%)  loss=3.0795  elapsed=246.0s
  [train] epoch 6/30  batch 260/393 (66%)  loss=3.0032  elapsed=266.2s
  [train] epoch 6/30  batch 280/393 (71%)  loss=3.0470  elapsed=286.3s
  [train] epoch 6/30  batch 300/393 (76%)  loss=3.2415  elapsed=306.5s
  [train] epoch 6/30  batch 320/393 (81%)  loss=3.1621  elapsed=326.9s
  [train] epoch 6/30  batch 340/393 (87%)  loss=2.9531  elapsed=347.0s
  [train] epoch 6/30  batch 360/393 (92%)  loss=3.1102  elapsed=367.2s
  [train] epoch 6/30  batch 380/393 (97%)  loss=3.0842  elapsed=387.3s
  [train] epoch 6/30  batch 393/393 (100%)  loss=3.0382  elapsed=400.3s
Epoch 6/30 — train done  mean_loss=3.1004  elapsed=410.3s
Epoch 6/30 — train  loss=3.1124  acc=0.061  macro_f1=0.037  elapsed=102.3s
Epoch 6/30 — evaluating val (85 batches)
Epoch 6/30 — val  loss=3.2509  acc=0.041  macro_f1=0.021  elapsed=32.1s
=== Epoch 6/30 summary ===  train_loss=3.1124  val_loss=3.2509  train_acc=0.061  val_acc=0.041  val_f1=0.021  best_val=no  no_improve=4/8
Epoch 7/30 — training (393 batches)
  [train] epoch 7/30  batch 1/393 (0%)  loss=3.0849  elapsed=4.0s
  [train] epoch 7/30  batch 20/393 (5%)  loss=3.0285  elapsed=23.1s
  [train] epoch 7/30  batch 40/393 (10%)  loss=3.1287  elapsed=43.4s
  [train] epoch 7/30  batch 60/393 (15%)  loss=3.1129  elapsed=63.8s
  [train] epoch 7/30  batch 80/393 (20%)  loss=3.0719  elapsed=84.1s
  [train] epoch 7/30  batch 100/393 (25%)  loss=3.1233  elapsed=104.5s
  [train] epoch 7/30  batch 120/393 (31%)  loss=3.1473  elapsed=124.7s
  [train] epoch 7/30  batch 140/393 (36%)  loss=2.9285  elapsed=144.9s
  [train] epoch 7/30  batch 160/393 (41%)  loss=3.4606  elapsed=165.1s
  [train] epoch 7/30  batch 180/393 (46%)  loss=3.3025  elapsed=185.3s
  [train] epoch 7/30  batch 200/393 (51%)  loss=3.0691  elapsed=205.5s
  [train] epoch 7/30  batch 220/393 (56%)  loss=3.2505  elapsed=225.7s
  [train] epoch 7/30  batch 240/393 (61%)  loss=3.1724  elapsed=245.8s
  [train] epoch 7/30  batch 260/393 (66%)  loss=3.2123  elapsed=266.1s
  [train] epoch 7/30  batch 280/393 (71%)  loss=3.0785  elapsed=286.3s
  [train] epoch 7/30  batch 300/393 (76%)  loss=3.3989  elapsed=306.4s
  [train] epoch 7/30  batch 320/393 (81%)  loss=3.3216  elapsed=326.6s
  [train] epoch 7/30  batch 340/393 (87%)  loss=3.1452  elapsed=346.8s
  [train] epoch 7/30  batch 360/393 (92%)  loss=2.9911  elapsed=366.9s
  [train] epoch 7/30  batch 380/393 (97%)  loss=3.0966  elapsed=387.1s
  [train] epoch 7/30  batch 393/393 (100%)  loss=3.2072  elapsed=400.0s
Epoch 7/30 — train done  mean_loss=3.0822  elapsed=410.1s
Epoch 7/30 — train  loss=3.0715  acc=0.099  macro_f1=0.062  elapsed=102.2s
Epoch 7/30 — evaluating val (85 batches)
Epoch 7/30 — val  loss=3.1999  acc=0.072  macro_f1=0.046  elapsed=32.1s
=== Epoch 7/30 summary ===  train_loss=3.0715  val_loss=3.1999  train_acc=0.099  val_acc=0.072  val_f1=0.046  best_val=no  no_improve=5/8
Epoch 8/30 — training (393 batches)
  [train] epoch 8/30  batch 1/393 (0%)  loss=3.2712  elapsed=4.0s
  [train] epoch 8/30  batch 20/393 (5%)  loss=3.0560  elapsed=23.1s
  [train] epoch 8/30  batch 40/393 (10%)  loss=3.2184  elapsed=43.6s
  [train] epoch 8/30  batch 60/393 (15%)  loss=2.9619  elapsed=64.2s
  [train] epoch 8/30  batch 80/393 (20%)  loss=3.0992  elapsed=84.8s
  [train] epoch 8/30  batch 100/393 (25%)  loss=3.2095  elapsed=105.1s
  [train] epoch 8/30  batch 120/393 (31%)  loss=2.9501  elapsed=125.3s
  [train] epoch 8/30  batch 140/393 (36%)  loss=3.1254  elapsed=145.5s
  [train] epoch 8/30  batch 160/393 (41%)  loss=2.9211  elapsed=165.7s
  [train] epoch 8/30  batch 180/393 (46%)  loss=3.2870  elapsed=185.8s
  [train] epoch 8/30  batch 200/393 (51%)  loss=2.8942  elapsed=206.2s
  [train] epoch 8/30  batch 220/393 (56%)  loss=3.2884  elapsed=226.4s
  [train] epoch 8/30  batch 240/393 (61%)  loss=3.1513  elapsed=246.5s
  [train] epoch 8/30  batch 260/393 (66%)  loss=3.0711  elapsed=266.7s
  [train] epoch 8/30  batch 280/393 (71%)  loss=2.9061  elapsed=286.9s
  [train] epoch 8/30  batch 300/393 (76%)  loss=3.0685  elapsed=307.1s
  [train] epoch 8/30  batch 320/393 (81%)  loss=2.8807  elapsed=327.3s
  [train] epoch 8/30  batch 340/393 (87%)  loss=3.1787  elapsed=347.5s
  [train] epoch 8/30  batch 360/393 (92%)  loss=2.8298  elapsed=367.6s
  [train] epoch 8/30  batch 380/393 (97%)  loss=2.9423  elapsed=387.7s
  [train] epoch 8/30  batch 393/393 (100%)  loss=3.0386  elapsed=400.7s
Epoch 8/30 — train done  mean_loss=3.0694  elapsed=410.7s
Epoch 8/30 — train  loss=3.0560  acc=0.062  macro_f1=0.046  elapsed=102.3s
Epoch 8/30 — evaluating val (85 batches)
Epoch 8/30 — val  loss=3.2499  acc=0.054  macro_f1=0.045  elapsed=32.2s
=== Epoch 8/30 summary ===  train_loss=3.0560  val_loss=3.2499  train_acc=0.062  val_acc=0.054  val_f1=0.045  best_val=no  no_improve=6/8
Epoch 9/30 — training (393 batches)
  [train] epoch 9/30  batch 1/393 (0%)  loss=2.8546  elapsed=4.0s
  [train] epoch 9/30  batch 20/393 (5%)  loss=3.1869  elapsed=23.2s
  [train] epoch 9/30  batch 40/393 (10%)  loss=3.2640  elapsed=43.7s
  [train] epoch 9/30  batch 60/393 (15%)  loss=2.8746  elapsed=64.2s
  [train] epoch 9/30  batch 80/393 (20%)  loss=3.0856  elapsed=84.7s
  [train] epoch 9/30  batch 100/393 (25%)  loss=3.0292  elapsed=105.0s
  [train] epoch 9/30  batch 120/393 (31%)  loss=3.0847  elapsed=125.2s
  [train] epoch 9/30  batch 140/393 (36%)  loss=2.8007  elapsed=145.3s
  [train] epoch 9/30  batch 160/393 (41%)  loss=3.1893  elapsed=165.5s
  [train] epoch 9/30  batch 180/393 (46%)  loss=2.7554  elapsed=185.7s
  [train] epoch 9/30  batch 200/393 (51%)  loss=2.9119  elapsed=205.9s
  [train] epoch 9/30  batch 220/393 (56%)  loss=3.0469  elapsed=226.1s
  [train] epoch 9/30  batch 240/393 (61%)  loss=3.2907  elapsed=246.2s
  [train] epoch 9/30  batch 260/393 (66%)  loss=2.9560  elapsed=266.4s
  [train] epoch 9/30  batch 280/393 (71%)  loss=2.9704  elapsed=286.6s
  [train] epoch 9/30  batch 300/393 (76%)  loss=3.1590  elapsed=306.8s
  [train] epoch 9/30  batch 320/393 (81%)  loss=2.9088  elapsed=327.0s
  [train] epoch 9/30  batch 340/393 (87%)  loss=2.9404  elapsed=347.2s
  [train] epoch 9/30  batch 360/393 (92%)  loss=2.8193  elapsed=367.4s
  [train] epoch 9/30  batch 380/393 (97%)  loss=2.8953  elapsed=387.5s
  [train] epoch 9/30  batch 393/393 (100%)  loss=3.3393  elapsed=400.5s
Epoch 9/30 — train done  mean_loss=3.0451  elapsed=410.5s
Epoch 9/30 — train  loss=3.0786  acc=0.075  macro_f1=0.056  elapsed=101.9s
Epoch 9/30 — evaluating val (85 batches)
Epoch 9/30 — val  loss=3.3173  acc=0.067  macro_f1=0.048  elapsed=32.1s
=== Epoch 9/30 summary ===  train_loss=3.0786  val_loss=3.3173  train_acc=0.075  val_acc=0.067  val_f1=0.048  best_val=no  no_improve=7/8
Epoch 10/30 — training (393 batches)
  [train] epoch 10/30  batch 1/393 (0%)  loss=2.8585  elapsed=4.0s
  [train] epoch 10/30  batch 20/393 (5%)  loss=2.9136  elapsed=23.2s
  [train] epoch 10/30  batch 40/393 (10%)  loss=2.8465  elapsed=43.3s
  [train] epoch 10/30  batch 60/393 (15%)  loss=2.9970  elapsed=63.6s
  [train] epoch 10/30  batch 80/393 (20%)  loss=3.0110  elapsed=84.0s
  [train] epoch 10/30  batch 100/393 (25%)  loss=2.9010  elapsed=104.1s
  [train] epoch 10/30  batch 120/393 (31%)  loss=3.1520  elapsed=124.3s
  [train] epoch 10/30  batch 140/393 (36%)  loss=3.0706  elapsed=144.5s
  [train] epoch 10/30  batch 160/393 (41%)  loss=3.2089  elapsed=164.7s
  [train] epoch 10/30  batch 180/393 (46%)  loss=3.2998  elapsed=184.9s
  [train] epoch 10/30  batch 200/393 (51%)  loss=2.9614  elapsed=205.5s
  [train] epoch 10/30  batch 220/393 (56%)  loss=3.0344  elapsed=225.6s
  [train] epoch 10/30  batch 240/393 (61%)  loss=3.0236  elapsed=245.7s
  [train] epoch 10/30  batch 260/393 (66%)  loss=2.9613  elapsed=265.9s
  [train] epoch 10/30  batch 280/393 (71%)  loss=2.9470  elapsed=286.0s
  [train] epoch 10/30  batch 300/393 (76%)  loss=3.0487  elapsed=306.2s
  [train] epoch 10/30  batch 320/393 (81%)  loss=3.0606  elapsed=326.4s
  [train] epoch 10/30  batch 340/393 (87%)  loss=3.0602  elapsed=346.6s
  [train] epoch 10/30  batch 360/393 (92%)  loss=3.1055  elapsed=366.7s
  [train] epoch 10/30  batch 380/393 (97%)  loss=2.9643  elapsed=386.9s
  [train] epoch 10/30  batch 393/393 (100%)  loss=3.0095  elapsed=400.0s
Epoch 10/30 — train done  mean_loss=3.0363  elapsed=410.0s
Epoch 10/30 — train  loss=2.9813  acc=0.083  macro_f1=0.066  elapsed=102.3s
Epoch 10/30 — evaluating val (85 batches)
Epoch 10/30 — val  loss=3.2140  acc=0.067  macro_f1=0.050  elapsed=32.1s
=== Epoch 10/30 summary ===  train_loss=2.9813  val_loss=3.2140  train_acc=0.083  val_acc=0.067  val_f1=0.050  best_val=no  no_improve=8/8
Early stopping at epoch 10
Evaluating test split with best val checkpoint...
Epoch 30/30 — evaluating test (84 batches)
Epoch 30/30 — test  loss=3.2259  acc=0.022  macro_f1=0.010  elapsed=31.8s
Wrote /Users/zach.walton/Dev/shule/cs6320/assignment_5/outputs/cnn_runs/baseline_cnn_history.csv
Wrote /Users/zach.walton/Dev/shule/cs6320/assignment_5/outputs/cnn_runs/baseline_cnn_metadata.json
Wrote /Users/zach.walton/Dev/shule/cs6320/assignment_5/outputs/cnn_runs/baseline_cnn.log
Done in 5480.0s — test acc=0.022 macro_f1=0.010 loss=3.226
